"Checking and creating folders..." 
"Folder already exists: src" 
"Folder already exists: src\config" 
"Folder already exists: src\controllers" 
"Folder already exists: src\middlewares" 
"Folder already exists: src\models" 
"Folder already exists: src\routes" 
"Folder already exists: src\utils" 
"Folder already exists: logs" 
"Checking and creating files..." 
File already exists: D:\Coolie\backend\src\app.js 
Creating file: D:\Coolie\backend\src\config\db.js 
"Added content to: D:\Coolie\backend\src\config\db.js" 
File already exists: D:\Coolie\backend\src\middlewares\loggerMiddleware.js 
"Checking and creating folders..." 
"Folder already exists: src" 
"Folder already exists: src\config" 
"Folder already exists: src\controllers" 
"Folder already exists: src\middlewares" 
"Folder already exists: src\models" 
"Folder already exists: src\routes" 
"Folder already exists: src\utils" 
"Folder already exists: logs" 
"Checking and creating files..." 
File already exists: D:\Coolie\backend\src\app.js 
Creating file: D:\Coolie\backend\src\config\db.js 
"Added content to: D:\Coolie\backend\src\config\db.js" 
File already exists: D:\Coolie\backend\src\middlewares\loggerMiddleware.js 
